<?xml version="1.0" encoding="UTF-8"?>
<testng-results skipped="0" failed="0" ignored="0" total="1" passed="1">
  <reporter-output>
  </reporter-output>
  <suite name="Default suite" duration-ms="26184" started-at="2021-11-16T12:59:38 IST" finished-at="2021-11-16T13:00:04 IST">
    <groups>
      <group name="cucumber">
        <method signature="AbstractTestNGCucumberTests.runScenario(io.cucumber.testng.PickleWrapper, io.cucumber.testng.FeatureWrapper)[pri:0, instance:runners.RerunFailedRunner@1d8db5a]" name="runScenario" class="io.cucumber.testng.AbstractTestNGCucumberTests"/>
      </group> <!-- cucumber -->
    </groups>
    <test name="Default test" duration-ms="26184" started-at="2021-11-16T12:59:38 IST" finished-at="2021-11-16T13:00:04 IST">
      <class name="runners.RerunFailedRunner">
        <test-method status="PASS" signature="setUpClass()[pri:0, instance:runners.RerunFailedRunner@1d8db5a]" name="setUpClass" is-config="true" duration-ms="1612" started-at="2021-11-16T12:59:38 IST" finished-at="2021-11-16T12:59:40 IST">
          <reporter-output>
          </reporter-output>
        </test-method> <!-- setUpClass -->
        <test-method status="PASS" signature="runScenario(io.cucumber.testng.PickleWrapper, io.cucumber.testng.FeatureWrapper)[pri:0, instance:runners.RerunFailedRunner@1d8db5a]" name="runScenario" duration-ms="21717" started-at="2021-11-16T12:59:40 IST" description="Runs Cucumber Scenarios" data-provider="scenarios" finished-at="2021-11-16T13:00:01 IST">
          <params>
            <param index="0">
              <value>
                <![CDATA["Search Cypress"]]>
              </value>
            </param>
            <param index="1">
              <value>
                <![CDATA["Optional[Google Search Function]"]]>
              </value>
            </param>
          </params>
          <reporter-output>
          </reporter-output>
        </test-method> <!-- runScenario -->
        <test-method status="PASS" signature="tearDownClass()[pri:0, instance:runners.RerunFailedRunner@1d8db5a]" name="tearDownClass" is-config="true" duration-ms="2706" started-at="2021-11-16T13:00:01 IST" finished-at="2021-11-16T13:00:04 IST">
          <reporter-output>
          </reporter-output>
        </test-method> <!-- tearDownClass -->
      </class> <!-- runners.RerunFailedRunner -->
    </test> <!-- Default test -->
  </suite> <!-- Default suite -->
</testng-results>
