<?xml version="1.0" encoding="UTF-8"?>
<!-- Generated by org.testng.reporters.JUnitReportReporter -->
<testsuite skipped="0" hostname="DESKTOP-I7SJH5S" name="runners.TestNG" tests="3" failures="1" timestamp="2021-11-16T12:56:46 IST" time="63.556" errors="0">
  <testcase name="runScenario" time="26.536" classname="runners.TestNG"/>
  <system-out/>
  <testcase name="runScenario" time="22.923" classname="runners.TestNG"/>
  <system-out/>
  <testcase name="runScenario" time="14.097" classname="runners.TestNG">
    <failure type="java.lang.AssertionError" message="expected [Cypress Tutorial - Google Search] but found [Cypress Tutorial - Google]">
      <![CDATA[java.lang.AssertionError: expected [Cypress Tutorial - Google Search] but found [Cypress Tutorial - Google]
at org.testng.Assert.fail(Assert.java:99)
at org.testng.Assert.failNotEquals(Assert.java:1037)
at org.testng.Assert.assertEqualsImpl(Assert.java:140)
at org.testng.Assert.assertEquals(Assert.java:122)
at org.testng.Assert.assertEquals(Assert.java:629)
at org.testng.Assert.assertEquals(Assert.java:639)
at stepdefs.GoogleSearchStepdef.should_display_cypress_result_page(GoogleSearchStepdef.java:71)
at ✽.should display Cypress result page(file:///C:/Users/my%20pc/eclipse-workspace/BDDTestNG01/src/test/resources/feature/googleSearch.feature:12)
]]>
    </failure>
  </testcase> <!-- runScenario -->
  <system-out/>
</testsuite> <!-- runners.TestNG -->
